-------------------------------------------------------------------------------
>Log Session: Sunday, February 18, 2018 2:11:32 PM PST
>System Info: 
  Product Version         = NetBeans IDE 8.1 (Build 20170723-debian-8.1)
  Operating System        = Linux version 4.13.0-32-generic running on amd64
  Java; VM; Vendor        = 1.8.0_151; OpenJDK 64-Bit Server VM 25.151-b12; Oracle Corporation
  Runtime                 = OpenJDK Runtime Environment 1.8.0_151-8u151-b12-0ubuntu0.17.10.2-b12
  Java Home               = /usr/lib/jvm/java-8-openjdk-amd64/jre
  System Locale; Encoding = en_US (nb); UTF-8
  Home Directory          = /home/justin
  Current Directory       = /home/justin
  User Directory          = /home/justin/.netbeans/8.1
  Cache Directory         = /home/justin/.cache/netbeans/8.1
  Installation            = /usr/share/netbeans/8.1/nb
                            /usr/share/netbeans/8.1/ide
                            /usr/share/netbeans/8.1/java
                            /usr/share/netbeans/8.1/apisupport
                            /usr/share/netbeans/8.1/harness
                            /usr/share/netbeans/8.1/platform
  Boot & Ext. Classpath   = /usr/lib/jvm/java-8-openjdk-amd64/jre/lib/resources.jar:/usr/lib/jvm/java-8-openjdk-amd64/jre/lib/rt.jar:/usr/lib/jvm/java-8-openjdk-amd64/jre/lib/sunrsasign.jar:/usr/lib/jvm/java-8-openjdk-amd64/jre/lib/jsse.jar:/usr/lib/jvm/java-8-openjdk-amd64/jre/lib/jce.jar:/usr/lib/jvm/java-8-openjdk-amd64/jre/lib/charsets.jar:/usr/lib/jvm/java-8-openjdk-amd64/jre/lib/jfr.jar:/usr/lib/jvm/java-8-openjdk-amd64/jre/classes:/usr/lib/jvm/java-8-openjdk-amd64/jre/lib/ext/localedata.jar:/usr/lib/jvm/java-8-openjdk-amd64/jre/lib/ext/sunec.jar:/usr/lib/jvm/java-8-openjdk-amd64/jre/lib/ext/dnsns.jar:/usr/lib/jvm/java-8-openjdk-amd64/jre/lib/ext/nashorn.jar:/usr/lib/jvm/java-8-openjdk-amd64/jre/lib/ext/java-atk-wrapper.jar:/usr/lib/jvm/java-8-openjdk-amd64/jre/lib/ext/icedtea-sound.jar:/usr/lib/jvm/java-8-openjdk-amd64/jre/lib/ext/sunjce_provider.jar:/usr/lib/jvm/java-8-openjdk-amd64/jre/lib/ext/jaccess.jar:/usr/lib/jvm/java-8-openjdk-amd64/jre/lib/ext/zipfs.jar:/usr/lib/jvm/java-8-openjdk-amd64/jre/lib/ext/cldrdata.jar:/usr/lib/jvm/java-8-openjdk-amd64/jre/lib/ext/sunpkcs11.jar
  Application Classpath   = /usr/share/java/jcodings.jar:/usr/share/netbeans/8.1/platform/lib/boot.jar:/usr/share/netbeans/8.1/platform/lib/org-openide-modules.jar:/usr/share/netbeans/8.1/platform/lib/org-openide-util.jar:/usr/share/netbeans/8.1/platform/lib/org-openide-util-lookup.jar:/usr/share/netbeans/8.1/platform/lib/org-openide-util-ui.jar:/usr/lib/jvm/java-8-openjdk-amd64/lib/dt.jar:/usr/lib/jvm/java-8-openjdk-amd64/lib/tools.jar
  Startup Classpath       = /usr/share/netbeans/8.1/platform/core/org-openide-filesystems-compat8.jar:/usr/share/netbeans/8.1/platform/core/core.jar:/usr/share/netbeans/8.1/platform/core/org-netbeans-libs-asm.jar:/usr/share/netbeans/8.1/platform/core/core-base.jar:/usr/share/netbeans/8.1/platform/core/org-openide-filesystems.jar:/usr/share/netbeans/8.1/platform/core/asm-all-5.0.1.jar:/usr/share/netbeans/8.1/nb/core/org-netbeans-upgrader.jar:/usr/share/netbeans/8.1/nb/core/locale/core_nb.jar
-------------------------------------------------------------------------------
INFO [org.netbeans.modules.netbinox]: Install area set to file:/usr/share/netbeans/8.1/
WARNING [org.netbeans.core.modules]: the modules [org.netbeans.modules.form.nb] use org.jdesktop.layout which is deprecated: Use javax.swing.GroupLayout instead. (In form editor: select Form ... in Inspector; change Layout Generation Style to Standard Java 6 code.)
WARNING [org.netbeans.core.modules]: the modules [org.netbeans.modules.java.editor.lib, org.netbeans.modules.xml.text] use org.netbeans.modules.editor.deprecated.pre65formatting which is deprecated.
WARNING [org.netbeans.core.modules]: the modules [org.netbeans.modules.ide.kit, org.netbeans.modules.xml.text] use org.netbeans.modules.editor.structure which is deprecated.
WARNING [org.netbeans.core.modules]: the modules [org.netbeans.modules.apisupport.ant, org.netbeans.modules.java.hints] use org.netbeans.modules.java.hints.legacy.spi which is deprecated: Use Java Hints SPI (org.netbeans.spi.java.hints) instead.
WARNING [org.netbeans.modules.java.j2seplatform.libraries.J2SELibraryTypeProvider]: Can not resolve URL: nbinst://org.jdesktop.layout/docs/swing-layout-1.0.4-src.zip
WARNING [org.netbeans.modules.java.j2seplatform.libraries.J2SELibraryTypeProvider]: Can not resolve URL: nbinst://org.jdesktop.layout/docs/swing-layout-1.0.4-doc.zip
WARNING [org.netbeans.modules.java.j2seplatform.libraries.J2SELibraryTypeProvider]: Can not resolve URL: nbinst://org.jdesktop.layout/docs/swing-layout-1.0.4-src.zip
WARNING [org.netbeans.modules.java.j2seplatform.libraries.J2SELibraryTypeProvider]: Can not resolve URL: nbinst://org.jdesktop.layout/docs/swing-layout-1.0.4-doc.zip
WARNING [org.netbeans.modules.java.j2seplatform.libraries.J2SELibraryTypeProvider]: Can not resolve URL: nbinst://org.netbeans.modules.junitlib/docs/junit-4.12-sources.jar
WARNING [org.netbeans.modules.java.j2seplatform.libraries.J2SELibraryTypeProvider]: Can not resolve URL: nbinst://org.netbeans.modules.junitlib/docs/junit-4.12-javadoc.jar
WARNING [org.netbeans.modules.java.j2seplatform.libraries.J2SELibraryTypeProvider]: Can not resolve URL: nbinst://org.netbeans.modules.junitlib/docs/junit-4.12-sources.jar
WARNING [org.netbeans.modules.java.j2seplatform.libraries.J2SELibraryTypeProvider]: Can not resolve URL: nbinst://org.netbeans.modules.junitlib/docs/junit-4.12-javadoc.jar
WARNING [org.netbeans.modules.java.j2seplatform.libraries.J2SELibraryTypeProvider]: Can not resolve URL: nbinst://org.netbeans.modules.j2ee.eclipselink/modules/ext/docs/javax.persistence-2.1.0-doc.zip
WARNING [null]: Last record repeated again.
WARNING [org.netbeans.modules.java.j2seplatform.libraries.J2SELibraryTypeProvider]: Can not resolve URL: nbinst://org.jdesktop.beansbinding/docs/beansbinding-1.2.1-doc.zip
WARNING [null]: Last record repeated again.
WARNING [org.netbeans.modules.java.j2seplatform.libraries.J2SELibraryTypeProvider]: Can not resolve URL: nbinst://org.netbeans.libs.testng/docs/testng-6.8.1-javadoc.zip
WARNING [null]: Last record repeated again.
WARNING [org.netbeans.modules.java.j2seplatform.libraries.J2SELibraryTypeProvider]: Can not resolve URL: nbinst://org.netbeans.modules.j2ee.eclipselink/modules/ext/docs/javax.persistence-2.1.0-doc.zip
WARNING [null]: Last record repeated again.
INFO [org.netbeans.core.startup.NbEvents]: Turning on modules:
	slf4j.api [1.7.25 1.7.25]
	org.openide.util.lookup [8.32.1 20170723-debian-8.1]
	org.openide.util [9.5.1 20170723-debian-8.1]
	org.openide.util.ui [9.4.1 20170723-debian-8.1]
	org.openide.modules [7.47.1 20170723-debian-8.1]
	org.netbeans.api.annotations.common/1 [1.26.1 20170723-debian-8.1]
	org.openide.filesystems [9.8.1 20170723-debian-8.1]
	org.openide.awt [7.65.1 20170723-debian-8.1]
	org.netbeans.api.progress/1 [1.46.1 20170723-debian-8.1]
	org.netbeans.api.progress.nb [1.46.1 20170723-debian-8.1]
	org.openide.dialogs [7.41.1 20170723-debian-8.1]
	org.openide.nodes [7.42.1 20170723-debian-8.1]
	org.openide.windows [6.74.1 20170723-debian-8.1]
	org.netbeans.modules.editor.mimelookup/1 [1.39.1 20170723-debian-8.1]
	org.openide.text [6.66.1 20170723-debian-8.1]
	org.netbeans.swing.tabcontrol [1.54.1 20170723-debian-8.1]
	org.netbeans.swing.outline [1.32.1 20170723-debian-8.1]
	org.openide.explorer [6.61.1 20170723-debian-8.1]
	org.openide.actions [6.38.1 20170723-debian-8.1]
	org.netbeans.modules.queries/1 [1.42.1 20170723-debian-8.1]
	org.netbeans.api.templates [1.6.1 20170723-debian-8.1]
	org.openide.filesystems.nb [9.7.1 20170723-debian-8.1]
	org.openide.loaders [7.63.1 20170723-debian-8.1]
	org.netbeans.api.intent [1.1.1 20170723-debian-8.1]
	org.netbeans.api.io [1.2.1 20170723-debian-8.1]
	org.openide.io [1.48.1 20170723-debian-8.1]
	org.openide.filesystems.compat8 [9.7.1 20170723-debian-8.1]
	org.openide.execution [9.2.1 20170723-debian-8.1]
	org.netbeans.upgrader [4.34.1 20170724-debian-8.1]
	org.netbeans.swing.plaf [1.40.1 20170723-debian-8.1]
	org.netbeans.modules.projectapi/1 [1.65.1 20170724-debian-8.1]
	org.netbeans.swing.dirchooser [1.28.1 20170724-debian-8.1]
	org.netbeans.spi.viewmodel/2 [1.50.1 20170724-debian-8.1]
	org.netbeans.spi.tasklist/1 [1.33.1.1 1 20170724-debian-8.1]
	org.netbeans.spi.quicksearch [1.26.1 20170723-debian-8.1]
	org.netbeans.spi.palette/1 [1.45.1 20170724-debian-8.1]
	org.netbeans.spi.navigator/1 [1.36.1 20170724-debian-8.1]
	org.netbeans.modules.editor.util/1 [1.61.1 20170724-debian-8.1]
	org.netbeans.modules.editor.settings.lib [1.50.1.1 1 20170724-debian-8.1]
	org.netbeans.modules.editor.settings/1 [1.55.1 20170724-debian-8.1]
	org.netbeans.modules.lexer/2 [1.62.1.1 1 20170724-debian-8.1]
	org.netbeans.modules.editor.fold/1 [1.43.1 20170724-debian-8.1]
	org.netbeans.modules.editor.document [1.5.1.1 1 20170724-debian-8.1]
	org.netbeans.modules.editor.lib2/1 [2.4.1.44.1 44 20170724-debian-8.1]
	org.netbeans.modules.editor.guards/1 [1.31.1 20170724-debian-8.1]
	org.netbeans.modules.editor.indent/2 [1.42.1 20170724-debian-8.1]
	org.netbeans.modules.editor.lib/3 [4.3.1.22.1.44 22 20170724-debian-8.1]
	org.netbeans.modules.keyring [1.23.1 20170723-debian-8.1]
	org.netbeans.libs.asm [5.2.1 20170723-debian-8.1]
	org.netbeans.bootstrap/1 [2.74.1 20170723-debian-8.1]
	org.netbeans.core.startup.base [1.61.1.1 1 20170723-debian-8.1]
	org.netbeans.core.startup/1 [1.61.1.1 20170723-debian-8.1]
	org.netbeans.modules.sampler [1.13.1 20170723-debian-8.1]
	org.netbeans.core/2 [3.49.1 20170723-debian-8.1]
	org.netbeans.modules.options.api/1 [1.44.1 20170723-debian-8.1]
	org.netbeans.modules.options.keymap [1.36.1 20170723-debian-8.1]
	org.netbeans.modules.editor.settings.storage/1 [1.50.1.1 20170724-debian-8.1]
	org.netbeans.modules.editor.fold.nbui [1.11.1.44 20170724-debian-8.1]
	org.netbeans.modules.editor/3 [1.84.1.5.1.22.44 5 20170724-debian-8.1]
	org.netbeans.libs.javacapi [8.13.1.3 3 20170724-debian-8.1]
	org.netbeans.libs.javacimpl/1 [0.40.1.25 25 20170724-debian-8.1]
	org.netbeans.lib.nbjavac [1.15.1.2.25 2 20170724-debian-8.1]
	org.netbeans.modules.editor.errorstripe.api/1 [2.31.1.1 1 20170724-debian-8.1]
	org.netbeans.api.java.classpath/1 [1.50.1 20170724-debian-8.1]
	org.netbeans.api.java/1 [1.58.1 20170724-debian-8.1]
	org.netbeans.modules.java.platform/1 [1.39.1 20170724-debian-8.1]
	org.netbeans.modules.options.editor/1 [1.55.1 20170724-debian-8.1]
	org.netbeans.modules.editor.errorstripe/2 [2.33.1.1.1 1 20170724-debian-8.1]
	org.netbeans.modules.diff/1 [1.50.1.42.1 42 20170724-debian-8.1]
	org.netbeans.libs.lucene/3 [3.18.1 20170724-debian-8.1]
	org.netbeans.modules.masterfs/2 [2.54.1.2 2 20170723-debian-8.1]
	org.netbeans.modules.parsing.lucene/2 [2.34.1.1 1 20170724-debian-8.1]
	org.netbeans.modules.parsing.api/1 [9.5.1.8 8 20170724-debian-8.1]
	org.netbeans.modules.projectuiapi.base/1 [1.83.1.9 9 20170724-debian-8.1]
	org.netbeans.modules.project.indexingbridge [1.16.1 20170724-debian-8.1]
	org.netbeans.modules.parsing.indexing [9.7.1.1.1.8 1 20170724-debian-8.1]
	org.netbeans.modules.refactoring.api [1.45.1.1 1 20170724-debian-8.1]
	org.netbeans.modules.classfile/1 [1.47.1 20170724-debian-8.1]
	org.netbeans.modules.editor.indent.support [1.41.1 20170724-debian-8.1]
	org.netbeans.modules.projectuiapi/1 [1.86.1.8 8 20170724-debian-8.1]
	org.netbeans.modules.editor.indent.project/0 [1.21.1 20170724-debian-8.1]
	org.netbeans.core.multiview/1 [1.43.1 20170723-debian-8.1]
	org.netbeans.modules.java.lexer/1 [1.30.1 20170724-debian-8.1]
	org.netbeans.modules.java.preprocessorbridge [1.38.1.1 1 20170724-debian-8.1]
	org.netbeans.modules.java.source.base [2.9.1.2.2.25.8.1 2 20170724-debian-8.1]
	org.netbeans.modules.java.source [0.149.1.32.2.25.2.1 32 20170724-debian-8.1]
	org.netbeans.modules.project.spi.intern [1.2.1 20170724-debian-8.1]
	org.netbeans.modules.project.libraries/1 [1.52.1 20170724-debian-8.1]
	org.apache.xml.resolver [1.30.1.12 12 20170724-debian-8.1]
	org.netbeans.api.xml/1 [1.43.1 20170724-debian-8.1]
	org.netbeans.modules.xml.catalog/2 [3.2.1.4 4 20170724-debian-8.1]
	org.netbeans.modules.project.ant/1 [1.64.1 20170724-debian-8.1]
	org.netbeans.modules.java.project/1 [1.64.1 20170724-debian-8.1]
	org.netbeans.modules.settings/1 [1.48.1 20170723-debian-8.1]
	org.netbeans.spi.editor.hints/0 [1.39.1.7.44 7 20170724-debian-8.1]
	org.netbeans.modules.autoupdate.services [1.51.1 20170723-debian-8.1]
	org.netbeans.modules.autoupdate.ui [1.44.1 20170723-debian-8.1]
	org.netbeans.core.windows/2 [2.80.1 20170723-debian-8.1]
	org.netbeans.modules.code.analysis/0 [1.24.1 20170724-debian-8.1]
	org.netbeans.spi.java.hints [1.27.1.13.2.25.32.2.8 13 20170724-debian-8.1]
	org.netbeans.modules.editor.tools.storage [1.7.1 20170724-debian-8.1]
	org.netbeans.spi.editor.hints.projects [1.10.1.1.7 1 20170724-debian-8.1]
	org.netbeans.api.debugger/1 [1.52.1 20170724-debian-8.1]
	org.netbeans.spi.debugger.ui/1 [2.51.1 20170724-debian-8.1]
	org.netbeans.api.debugger.jpda/2 [3.3.1 20170724-debian-8.1]
	org.netbeans.spi.debugger.jpda.ui [3.1.1 20170724-debian-8.1]
	org.netbeans.modules.xml.core/2 [1.42.1.4 4 20170724-debian-8.1]
	org.netbeans.modules.xml.xam/1 [1.31.1.1 1 20170724-debian-8.1]
	org.netbeans.api.xml.ui/1 [1.43.1 20170724-debian-8.1]
	org.netbeans.modules.xml.retriever/1 [1.30.1 20170724-debian-8.1]
	org.netbeans.modules.xml.schema.model/1 [1.31.1.1 1 20170724-debian-8.1]
	org.netbeans.modules.xml.axi [1.30.1 20170724-debian-8.1]
	org.netbeans.modules.editor.breadcrumbs/0 [1.16.1 20170724-debian-8.1]
	org.netbeans.modules.editor.bracesmatching/0 [1.38.1.44 20170724-debian-8.1]
	org.netbeans.modules.editor.deprecated.pre65formatting/0 [1.27.1.1.5.22.44 1 20170724-debian-8.1]
	org.netbeans.modules.editor.completion/1 [1.43.1.2 2 20170724-debian-8.1]
	org.netbeans.modules.editor.codetemplates/1 [1.41.1.1 1 20170724-debian-8.1]
	org.netbeans.modules.editor.actions/1 [1.29.1.44 20170724-debian-8.1]
	org.netbeans.core.ui/1 [1.44.1 20170723-debian-8.1]
	org.netbeans.api.search [1.20.1 20170723-debian-8.1]
	org.netbeans.modules.jumpto/1 [1.51.1.1 1 20170724-debian-8.1]
	org.netbeans.modules.csl.api/2 [2.51.1.2.1.1.8.1 2 20170724-debian-8.1]
	org.netbeans.modules.editor.structure/1 [1.46.1.1 1 20170724-debian-8.1]
	org.netbeans.modules.xml.lexer [1.28.1 20170724-debian-8.1]
	org.netbeans.modules.xml.text/2 [1.51.1 20170724-debian-8.1]
	org.netbeans.modules.xml [1.30.1 20170724-debian-8.1]
	org.netbeans.modules.servletapi/1 [1.38.1 20170724-debian-8.1]
	org.netbeans.modules.xsl/1 [1.42.1 20170724-debian-8.1]
	org.netbeans.modules.xml.xdm/1 [1.32.1.1 1 20170724-debian-8.1]
	org.netbeans.libs.xerces/1 [1.37.1.281 281 20170724-debian-8.1]
	org.netbeans.modules.xml.tax/2 [1.42.1.281 20170724-debian-8.1]
	org.netbeans.modules.xml.tools/2 [1.42.1 20170724-debian-8.1]
	org.netbeans.modules.xml.tools.java [1.28.1 20170724-debian-8.1]
	org.netbeans.modules.xml.schema.completion [1.29.1 20170724-debian-8.1]
	org.netbeans.modules.xml.multiview/1 [1.37.1.2 2 20170724-debian-8.1]
	org.netbeans.modules.options.java [1.13.1 20170724-debian-8.1]
	org.apache.tools.ant.module/3 [3.79.1.2 2 20170724-debian-8.1]
	org.netbeans.modules.xml.jaxb/1 [1.29.1 20170724-debian-8.1]
	org.netbeans.modules.xml.catalog.ui [2.2.1.4 20170724-debian-8.1]
	org.netbeans.modules.whitelist [1.22.1 20170724-debian-8.1]
	org.netbeans.core.execution/1 [1.40.1 20170723-debian-8.1]
	org.netbeans.modules.sendopts/2 [2.34.1 20170723-debian-8.1]
	org.netbeans.modules.favorites/1 [1.45.1 20170723-debian-8.1]
	org.netbeans.modules.projectui [1.57.1.8.9 20170724-debian-8.1]
	org.netbeans.modules.welcome/1 [1.41.1 20170724-debian-8.1]
	org.netbeans.libs.json_simple/1 [0.11.1 20170724-debian-8.1]
	org.netbeans.modules.web.webkit.debugging [1.50.1 20170724-debian-8.1]
	org.netbeans.modules.extexecution.base/2 [1.2.1 20170724-debian-8.1]
	org.netbeans.modules.extexecution/2 [1.47.1 20170724-debian-8.1]
	org.netbeans.modules.web.common [1.90.1 20170724-debian-8.1]
	org.netbeans.modules.web.indent [1.19.1 20170724-debian-8.1]
	org.netbeans.modules.extbrowser/1 [1.52.1 20170724-debian-8.1]
	org.netbeans.modules.web.browser.api [1.44.1 20170724-debian-8.1]
	org.netbeans.modules.versioning.core/1 [1.29.1.1.42 1 20170724-debian-8.1]
	org.netbeans.modules.versioning/1 [1.46.1.1 1 20170724-debian-8.1]
	org.netbeans.modules.spellchecker.apimodule [1.24.1 20170724-debian-8.1]
	org.netbeans.modules.versioning.util [1.68.1.42.1 20170724-debian-8.1]
	org.netbeans.modules.team.commons [1.47.1 20170724-debian-8.1]
	org.netbeans.modules.versioning.ui/1 [1.21.1.42.1 20170724-debian-8.1]
	org.netbeans.modules.versioning.system.cvss.installer [1.15.1 20170724-debian-8.1]
	org.netbeans.modules.masterfs.ui [2.2.1.2 20170723-debian-8.1]
	org.netbeans.modules.versioning.masterfs [1.13.1 20170724-debian-8.1]
	org.netbeans.modules.versioning.indexingbridge/0 [1.24.1 20170724-debian-8.1]
	org.netbeans.modules.utilities/1 [1.60.1 20170724-debian-8.1]
	org.netbeans.modules.utilities.project/1 [1.37.1 20170724-debian-8.1]
	org.netbeans.modules.javahelp/1 [2.40.1 20170723-debian-8.1]
	org.netbeans.modules.usersguide/1 [1.47.1 20170724-debian-8.1]
	org.netbeans.modules.updatecenters/1 [1.39.1 20170724-debian-8.1]
	org.netbeans.lib.uihandler [1.44.1 20170723-debian-8.1]
	org.netbeans.modules.uihandler [2.34.1 20170723-debian-8.1]
	org.netbeans.modules.uihandler.exceptionreporter [1.28.1 20170724-debian-8.1]
	org.netbeans.modules.project.libraries.ui/1 [1.51.1 20170724-debian-8.1]
	org.netbeans.modules.project.ant.ui/1 [1.64.1 20170724-debian-8.1]
	org.netbeans.modules.java.platform.ui/1 [1.39.1 20170724-debian-8.1]
	org.netbeans.modules.java.project.ui/1 [1.66.1 20170724-debian-8.1]
	org.netbeans.modules.java.sourceui/1 [1.42.1.1.25.32.2 1 20170724-debian-8.1]
	org.netbeans.modules.gsf.testrunner/2 [2.8.1 20170724-debian-8.1]
	org.netbeans.modules.gsf.testrunner.ui [1.9.1 20170724-debian-8.1]
	org.netbeans.modules.java.testrunner [1.18.1 20170724-debian-8.1]
	org.netbeans.modules.java.testrunner.ui [1.3.1 20170724-debian-8.1]
	org.netbeans.modules.gototest/1 [1.32.1 20170724-debian-8.1]
	org.netbeans.libs.testng/1 [1.13.1 20170723-debian-8.1]
	org.netbeans.modules.testng [2.19.1 20170724-debian-8.1]
	org.netbeans.modules.testng.ui [1.7.1 20170724-debian-8.1]
	org.netbeans.modules.java.testrunner.ant [1.1.1 20170724-debian-8.1]
	org.netbeans.modules.testng.ant [2.14.1 20170724-debian-8.1]
	org.netbeans.lib.terminalemulator [1.33.1 20170724-debian-8.1]
	org.netbeans.modules.terminal [1.24.1 20170724-debian-8.1]
	org.netbeans.modules.templates/1 [1.6.1 20170723-debian-8.1]
	org.netbeans.libs.swingx/1 [1.26.1 20170724-debian-8.1]
	org.netbeans.modules.team.ide [1.12.1 20170724-debian-8.1]
	org.netbeans.modules.tasklist.ui/1 [1.30.1.1.1 1 20170724-debian-8.1]
	org.netbeans.modules.tasklist.todo/1 [1.30.1.1 1 20170724-debian-8.1]
	org.netbeans.modules.tasklist.projectint/1 [1.28.1 20170724-debian-8.1]
	org.netbeans.modules.tasklist.kit [1.27.1 20170724-debian-8.1]
	org.netbeans.libs.ini4j/1 [1.33.1 20170724-debian-8.1]
	org.netbeans.libs.svnClientAdapter/1 [1.39.1 20170724-debian-8.1]
	org.netbeans.modules.subversion [1.40.1.42.1 20170724-debian-8.1]
	org.netbeans.modules.editor.plain.lib/1 [1.32.1 20170724-debian-8.1]
	org.netbeans.modules.spellchecker [1.34.1.1.7 1 20170724-debian-8.1]
	org.netbeans.modules.spellchecker.kit [1.24.1 20170724-debian-8.1]
	org.netbeans.modules.properties/1 [1.53.1 20170724-debian-8.1]
	org.netbeans.modules.properties.syntax/1 [1.49.1 20170724-debian-8.1]
	org.netbeans.modules.spellchecker.bindings.properties [1.21.1 20170724-debian-8.1]
	org.netbeans.modules.java.editor.lib/1 [1.37.1 20170724-debian-8.1]
	org.netbeans.modules.spellchecker.bindings.java/1 [1.29.1 20170724-debian-8.1]
	org.netbeans.modules.html.lexer/1 [1.37.1 20170724-debian-8.1]
	org.netbeans.modules.spellchecker.bindings.htmlxml [1.26.1 20170724-debian-8.1]
	org.netbeans.core.ide/1 [1.40.1 20170724-debian-8.1]
	org.netbeans.modules.server/0 [1.32.1 20170724-debian-8.1]
	org.netbeans.modules.selenium2.server [1.2.1 20170724-debian-8.1]
	org.netbeans.modules.selenium2 [1.4.1 20170724-debian-8.1]
	org.netbeans.modules.selenium2.java [1.1.1 20170724-debian-8.1]
	org.netbeans.modules.schema2beans/1 [1.45.1 20170724-debian-8.1]
	org.netbeans.modules.refactoring.java/1 [1.57.1.1.25 1 20170724-debian-8.1]
	org.netbeans.modules.projectui.buildmenu/1 [1.25.1.1 1 20170724-debian-8.1]
	org.netbeans.modules.ant.browsetask [1.39.1 20170724-debian-8.1]
	org.netbeans.modules.j2ee.metadata/0 [1.31.1 20170724-debian-8.1]
	org.netbeans.modules.j2ee.metadata.model.support/1 [1.30.1 20170724-debian-8.1]
	org.netbeans.modules.j2ee.persistenceapi/1 [1.33.1.1 1 20170724-debian-8.1]
	org.netbeans.libs.antlr3.runtime [1.20.1.1 1 20170724-debian-8.1]
	org.netbeans.modules.java.api.common/0 [1.76.1 20170724-debian-8.1]
	org.netbeans.modules.debugger.jpda.ant [1.37.1 20170724-debian-8.1]
	org.netbeans.modules.java.j2seproject/1 [1.79.1.48 48 20170724-debian-8.1]
	org.netbeans.modules.java.j2seplatform/1 [1.40.1 20170724-debian-8.1]
	org.netbeans.modules.projectimport.eclipse.core/1 [2.29.1 20170724-debian-8.1]
	org.netbeans.modules.projectimport.eclipse.j2se [1.27.1.48 20170724-debian-8.1]
	org.netbeans.modules.projectapi.nb [1.2.1 20170724-debian-8.1]
	org.netbeans.modules.project.spi.intern.impl [1.2.1 20170724-debian-8.1]
	org.netbeans.modules.progress.ui [1.32.1 20170723-debian-8.1]
	org.netbeans.modules.print.editor [7.25.1 20170724-debian-8.1]
	org.netbeans.modules.print [7.25.1 20170723-debian-8.1]
	org.netbeans.modules.parsing.ui [1.13.1.1 20170724-debian-8.1]
	org.netbeans.modules.parsing.nb [1.2.1.8.1 20170724-debian-8.1]
	org.netbeans.modules.notifications [1.7.1 20170724-debian-8.1]
	org.netbeans.libs.osgi [1.20.1 20170723-debian-8.1]
	org.netbeans.core.netigso [1.30.1 20170723-debian-8.1]
	org.netbeans.modules.netbinox [1.39.1 20170723-debian-8.1]
	org.jdesktop.beansbinding/1 [1.26.1.121 121 20170724-debian-8.1]
	org.netbeans.modules.nashorn.execution/1 [1.5.1 20170724-debian-8.1]
	org.netbeans.modules.mercurial [1.41.1.42.1 20170724-debian-8.1]
	org.netbeans.modules.masterfs.nio2 [1.14.1 20170723-debian-8.1]
	org.netbeans.libs.jna/1 [1.41.1 20170723-debian-8.1]
	org.netbeans.modules.masterfs.linux [1.12.1 20170723-debian-8.1]
	org.netbeans.modules.localhistory [1.33.1 20170724-debian-8.1]
	org.netbeans.modules.lexer.nbbridge/1 [1.31.1.1 20170724-debian-8.1]
	org.netbeans.libs.bytelist/1 [0.26.1.1 1 20170724-debian-8.1]
	org.netbeans.libs.jvyamlb/1 [0.28.1 20170724-debian-8.1]
	org.netbeans.modules.languages.yaml [2.31.1 20170724-debian-8.1]
	org.netbeans.modules.languages.manifest [1.31.1 20170724-debian-8.1]
	org.netbeans.modules.languages.diff [1.32.1 20170724-debian-8.1]
	org.netbeans.modules.keyring.fallback [1.7.1 20170723-debian-8.1]
	org.netbeans.modules.keyring.impl [1.23.1 20170723-debian-8.1]
	org.netbeans.libs.junit4 [1.16.1 20170723-debian-8.1]
	org.netbeans.modules.junitlib [1.3.1 20170723-debian-8.1]
	org.netbeans.modules.junit/2 [2.71.1 20170724-debian-8.1]
	org.netbeans.modules.junit.ui [1.3.1 20170724-debian-8.1]
	org.netbeans.modules.junit.ant.ui [1.4.1 20170724-debian-8.1]
	org.netbeans.modules.junit.ant [1.2.1 20170724-debian-8.1]
	org.netbeans.modules.javawebstart [1.32.1 20170724-debian-8.1]
	org.netbeans.modules.javascript2.debug/1 [1.11.1 20170724-debian-8.1]
	org.netbeans.modules.javaee.injection [1.5.1 20170724-debian-8.1]
	org.netbeans.modules.javadoc/1 [1.53.1 20170724-debian-8.1]
	org.netbeans.modules.java.source.queries [1.17.1 20170724-debian-8.1]
	org.netbeans.modules.java.source.queriesimpl [1.16.1 20170724-debian-8.1]
	org.netbeans.modules.java.source.ant [1.30.1.1.2 1 20170724-debian-8.1]
	org.netbeans.modules.java.navigation/1 [1.38.1 20170724-debian-8.1]
	org.netbeans.modules.java.metrics [1.7.1 20170724-debian-8.1]
	org.netbeans.modules.ant.debugger/1 [1.36.1.2 20170724-debian-8.1]
	org.netbeans.modules.ant.freeform/1 [1.45.1 20170724-debian-8.1]
	org.netbeans.core.multitabs/1 [1.11.1.1 1 20170723-debian-8.1]
	org.netbeans.modules.editor.bookmarks/1 [1.36.1 20170724-debian-8.1]
	com.jcraft.jsch [0.1.53 0.1.53]
	org.netbeans.modules.dlight.nativeexecution [1.37.1.1 1 20170724-debian-8.1]
	org.netbeans.modules.dlight.terminal [1.22.1.1 1 20170724-debian-8.1]
	org.netbeans.core.multitabs.project [1.9.1.1.1 1 20170724-debian-8.1]
	org.netbeans.modules.editor.search [1.23.1.0.44 0 20170724-debian-8.1]
	org.netbeans.modules.css.lib/1 [1.81.1 20170724-debian-8.1]
	org.netbeans.modules.html.editor.lib/3 [3.30.1 20170724-debian-8.1]
	org.netbeans.modules.css.model [1.30.1 20170724-debian-8.1]
	org.netbeans.modules.css.editor/1 [1.66.1 20170724-debian-8.1]
	org.netbeans.modules.html/1 [1.60.1 20170724-debian-8.1]
	org.netbeans.modules.html.editor/2 [2.53.1 20170724-debian-8.1]
	org.netbeans.core.output2/1 [1.40.1 20170723-debian-8.1]
	org.netbeans.modules.css.visual/3 [3.30.1 20170724-debian-8.1]
	org.netbeans.modules.html.parser/1 [1.33.1.1 1 20170724-debian-8.1]
	org.netbeans.modules.image/1 [1.47.1 20170724-debian-8.1]
	org.netbeans.modules.editor.kit [1.31.1 20170724-debian-8.1]
	org.netbeans.modules.autoupdate.cli [1.12.1 20170723-debian-8.1]
	org.netbeans.libs.felix [2.14.1 20170723-debian-8.1]
	org.netbeans.modules.core.kit [1.29.1 20170723-debian-8.1]
	org.netbeans.modules.defaults/1 [1.30.1 20170724-debian-8.1]
	org.netbeans.modules.editor.macros/0 [1.30.1.1.22 1 20170724-debian-8.1]
	org.netbeans.modules.editor.plain/2 [1.34.1 20170724-debian-8.1]
	org.netbeans.modules.ide.kit [1.32.1 20170724-debian-8.1]
	org.netbeans.modules.ant.kit [1.28.1 20170724-debian-8.1]
	org.netbeans.modules.i18n/1 [1.52.1 20170724-debian-8.1]
	org.netbeans.modules.java.freeform/1 [1.42.1 20170724-debian-8.1]
	org.netbeans.modules.java.j2seembedded [1.8.1 20170724-debian-8.1]
	org.netbeans.modules.java.debug [1.37.1.1.25.2 1 20170724-debian-8.1]
	org.netbeans.modules.java.examples/1 [1.35.1 20170724-debian-8.1]
	org.netbeans.modules.java.hints.ui [1.17.1.1.13 1 20170724-debian-8.1]
	org.netbeans.modules.java.completion [1.4.1.1 1 20170724-debian-8.1]
	org.netbeans.modules.java.editor.base [2.64.1.1 1 20170724-debian-8.1]
	org.netbeans.modules.java.editor/1 [2.65.1.11.1.1.1 11 20170724-debian-8.1]
	org.netbeans.modules.findbugs.installer [1.15.1 20170724-debian-8.1]
	org.netbeans.modules.java.hints.legacy.spi/1 [1.14.1.1.13 1 20170724-debian-8.1]
	org.netbeans.modules.java.hints/1 [1.80.1.16.11.1.1.32.2.1.13 16 20170724-debian-8.1]
	org.netbeans.modules.java.hints.declarative/1 [1.19.1.1.16.1.13 1 20170724-debian-8.1]
	org.netbeans.modules.java.j2seprofiles [1.7.1 20170724-debian-8.1]
	org.netbeans.modules.java.j2sedeploy [1.11.1 20170724-debian-8.1]
	org.netbeans.modules.beans/1 [1.50.1.1.11 1 20170724-debian-8.1]
	org.netbeans.modules.java.kit [1.34.1 20170724-debian-8.1]
	org.netbeans.modules.java.guards/0 [0.30.1 20170724-debian-8.1]
	org.netbeans.modules.j2ee.core.utilities/0 [1.32.1 20170724-debian-8.1]
	org.netbeans.modules.db.metadata.model/1 [1.10.1 20170724-debian-8.1]
	org.netbeans.modules.db/1 [1.64.1.30 30 20170724-debian-8.1]
	org.netbeans.modules.dbapi [1.33.1.30 20170724-debian-8.1]
	org.netbeans.modules.dbschema/1 [1.40.1.4.30 4 20170724-debian-8.1]
	org.netbeans.modules.j2ee.eclipselink/1 [1.31.1 20170724-debian-8.1]
	org.netbeans.modules.j2ee.persistence [1.50.1.1 1 20170724-debian-8.1]
	org.netbeans.modules.j2ee.eclipselinkmodelgen/1 [1.31.1 20170724-debian-8.1]
	org.netbeans.modules.autoupdate.pluginimporter [1.19.1 20170724-debian-8.1]
	org.netbeans.modules.deadlock.detector [1.5.1 20170724-debian-8.1]
	org.netbeans.modules.ide.branding/1 [1.31.1 20170724-debian-8.1]
	org.netbeans.modules.ide.branding.kit [1.27.1 20170724-debian-8.1]
	org.netbeans.modules.form/2 [1.56.1.4 4 20170724-debian-8.1]
	org.jdesktop.layout/1 [1.32.1 20170723-debian-8.1]
	org.netbeans.modules.form.nb/0 [0.17.1.1.4 1 20170724-debian-8.1]
	org.netbeans.modules.i18n.form/2 [1.49.1.4.1 20170724-debian-8.1]
	org.netbeans.libs.commons_net/2 [2.19.1.33 33 20170724-debian-8.1]
	org.netbeans.modules.hudson [2.12.1 20170724-debian-8.1]
	org.netbeans.modules.hudson.ui [1.10.1 20170724-debian-8.1]
	org.netbeans.modules.hudson.tasklist [1.16.1 20170724-debian-8.1]
	org.netbeans.modules.hudson.subversion [1.28.1 20170724-debian-8.1]
	org.netbeans.modules.hudson.mercurial [1.28.1 20170724-debian-8.1]
	org.netbeans.modules.hudson.git [1.17.1 20170724-debian-8.1]
	org.netbeans.modules.hudson.ant [1.26.1 20170724-debian-8.1]
	org.netbeans.modules.html.custom [1.5.1 20170724-debian-8.1]
	org.eclipse.jgit [3.7.1 3.7.1.201504261725-r]
	org.netbeans.libs.jna.platform/1 [1.10.1 20170723-debian-8.1]
	org.netbeans.libs.jsch.agentproxy/1 [0.13.1 20170724-debian-8.1]
	org.netbeans.libs.git/1 [1.32.1 20170724-debian-8.1]
	org.netbeans.modules.git [1.19.1.1 20170724-debian-8.1]
	org.netbeans.modules.form.refactoring/0 [0.16.1.1.4.1 1 20170724-debian-8.1]
	org.netbeans.modules.form.binding/0 [0.16.1.1.4.1 1 20170724-debian-8.1]
	org.netbeans.modules.form.kit [1.27.1 20170724-debian-8.1]
	org.netbeans.modules.form.j2ee/0 [0.32.1.1.4.1 1 20170724-debian-8.1]
	org.apache.commons.io [2.5.0 2.5.0]
	org.netbeans.modules.extexecution.process [1.26.1 20170724-debian-8.1]
	org.netbeans.modules.editor.mimelookup.impl/1 [1.31.1 20170723-debian-8.1]
	org.netbeans.modules.editor.global.format/1 [1.14.1.1 1 20170724-debian-8.1]
	org.netbeans.modules.derby [1.39.1 20170724-debian-8.1]
	org.netbeans.modules.debugger.jpda.projects [1.34.1 20170724-debian-8.1]
	org.netbeans.modules.debugger.jpda.projectsui [1.1.1 20170724-debian-8.1]
	org.netbeans.modules.debugger.jpda/2 [1.91.1.80 80 20170724-debian-8.1]
	org.netbeans.modules.debugger.jpda.ui/1 [1.52.1 20170724-debian-8.1]
	org.netbeans.modules.debugger.jpda.visual/1 [1.16.1 20170724-debian-8.1]
	org.netbeans.modules.debugger.jpda.js/1 [1.5.1 20170724-debian-8.1]
	org.netbeans.modules.debugger.jpda.kit [1.14.1 20170724-debian-8.1]
	org.netbeans.api.visual [2.46.1 20170723-debian-8.1]
	org.netbeans.modules.db.sql.visualeditor/1 [2.30.1.30 20170724-debian-8.1]
	org.netbeans.modules.db.dataview [1.28.1 20170724-debian-8.1]
	org.netbeans.modules.db.core [1.35.1 20170724-debian-8.1]
	org.netbeans.modules.db.sql.editor [1.35.1.30 20170724-debian-8.1]
	org.netbeans.modules.db.mysql [0.27.1.2 2 20170724-debian-8.1]
	org.netbeans.modules.db.drivers [1.28.1 20170724-debian-8.1]
	org.netbeans.modules.db.kit [1.29.1 20170724-debian-8.1]
	org.netbeans.modules.css.prep [1.27.1 20170724-debian-8.1]
	org.netbeans.libs.freemarker/1 [2.33.1.238 238 20170724-debian-8.1]
	org.netbeans.modules.apisupport.project/1 [1.75.1 20170724-debian-8.1]
	org.netbeans.modules.apisupport.wizards [1.19.1 20170724-debian-8.1]
	org.netbeans.modules.apisupport.refactoring [1.36.1 20170724-debian-8.1]
	org.netbeans.modules.apisupport.ant [2.71.1 20170724-debian-8.1]
	org.netbeans.modules.apisupport.paintapp [1.30.1 20170724-debian-8.1]
	org.netbeans.modules.apisupport.osgidemo [1.22.1 20170724-debian-8.1]
	org.netbeans.modules.apisupport.crudsample [1.22.1 20170724-debian-8.1]
	org.netbeans.modules.apisupport.kit [1.29.1 20170724-debian-8.1]
	org.netbeans.modules.ant.grammar/1 [1.43.1 20170724-debian-8.1]
	org.netbeans.libs.svnClientAdapter.svnkit/1 [1.23.1 20170724-debian-8.1]
	org.netbeans.libs.svnClientAdapter.javahl/1 [1.23.1 20170724-debian-8.1]
	org.netbeans.core.network [1.9.1 20170723-debian-8.1]
	org.netbeans.core.nativeaccess/1 [1.30.1 20170723-debian-8.1]
	org.netbeans.core.io.ui/1 [1.29.1 20170723-debian-8.1]
	org.netbeans.core.browser/1 [1.27.1.1 1 20170724-debian-8.1]
	org.netbeans.api.knockout [1.2.1 20170724-debian-8.1]
	com.jcraft.jzlib [1.0.7 1.0.7]
	com.googlecode.javaewah.JavaEWAH [0.6.12 0.6.12]
INFO [org.netbeans.core.netigso.Netigso]: bundle org.apache.commons.logging@1.1.1 resolved
INFO [org.netbeans.core.netigso.Netigso]: bundle org.apache.commons.lang@2.4.0 resolved
INFO [org.netbeans.core.netigso.Netigso]: bundle org.apache.ws.commons.util@1.0.1 resolved
INFO [org.netbeans.core.netigso.Netigso]: bundle org.eclipse.jgit.java7@3.7.1.201504261725-r resolved
INFO [org.netbeans.core.netigso.Netigso]: bundle org.apache.commons.codec@1.3.0 resolved
INFO [org.netbeans.core.netigso.Netigso]: bundle org.apache.commons.httpclient@3.1.0 resolved
INFO [org.netbeans.core.netigso.Netigso]: bundle org.eclipse.osgi@3.8.1.dist started
INFO [org.netbeans.core.network.proxy.NetworkProxyReloader]: System network proxy resolver: Gnome
INFO [org.netbeans.core.network.proxy.gnome.GsettingsNetworkProxy]: GSettings system proxy resolver: direct connection
INFO [org.netbeans.core.network.proxy.NetworkProxyReloader]: System network proxy reloading succeeded.
INFO [org.netbeans.core.network.proxy.NetworkProxyReloader]: System network proxy - mode: direct
INFO [org.netbeans.core.network.proxy.NetworkProxyReloader]: System network proxy: fell to default (correct if direct mode went before)
Diagnostic information
Input arguments:
	-Djdk.home=/usr/lib/jvm/java-8-openjdk-amd64
	-Dnetbeans.default_userdir_root=/home/justin/.netbeans
	-Dnetbeans.running.environment=gnome
	-Dnetbeans.dirs=/usr/share/netbeans/8.1/nb:/usr/share/netbeans/8.1/ergonomics:/usr/share/netbeans/8.1/ide:/usr/share/netbeans/8.1/extide:/usr/share/netbeans/8.1/java:/usr/share/netbeans/8.1/apisupport:/usr/share/netbeans/8.1/webcommon:/usr/share/netbeans/8.1/websvccommon:/usr/share/netbeans/8.1/enterprise:/usr/share/netbeans/8.1/mobility:/usr/share/netbeans/8.1/profiler:/usr/share/netbeans/8.1/python:/usr/share/netbeans/8.1/php:/usr/share/netbeans/8.1/identity:/usr/share/netbeans/8.1/harness:/usr/share/netbeans/8.1/cnd:/usr/share/netbeans/8.1/cndext:/usr/share/netbeans/8.1/dlight:/usr/share/netbeans/8.1/groovy:/usr/share/netbeans/8.1/extra:/usr/share/netbeans/8.1/javacard:/usr/share/netbeans/8.1/javafx:
	-Dnetbeans.home=/usr/share/netbeans/8.1/platform
	-Dnetbeans.importclass=org.netbeans.upgrade.AutoUpgrade
	-Xmx1024m
	-Xss2m
	-Xms32m
	-Dapple.laf.useScreenMenuBar=true
	-Dapple.awt.graphics.UseQuartz=true
	-Dsun.java2d.noddraw=true
	-Dsun.java2d.dpiaware=true
	-Dsun.zip.disableMemoryMapping=true
	-Dsun.java2d.pmoffscreen=false
	-XX:+HeapDumpOnOutOfMemoryError
	-XX:HeapDumpPath=/home/justin/.netbeans/8.1/var/log/heapdump.hprof
Compiler: HotSpot 64-Bit Tiered Compilers
Heap memory usage: initial 32.0MB maximum 910.5MB
Non heap memory usage: initial 2.4MB maximum -1b
Garbage collector: PS Scavenge (Collections=16 Total time spent=0s)
Garbage collector: PS MarkSweep (Collections=3 Total time spent=0s)
Classes: loaded=7844 total loaded=7844 unloaded 0
INFO [org.netbeans.core.ui.warmup.DiagnosticTask]: Total memory 16,689,500,160
INFO [org.netbeans.core.netigso.Netigso]: bundle org.eclipse.osgi@3.8.1.dist 256
INFO [org.netbeans.core.netigso.Netigso]: bundle org.eclipse.osgi@3.8.1.dist stopped
INFO [null]: Last record repeated again.
